[35m[1mScanning dependencies of target botello_aruco_node[0m
[ 50%] [32mBuilding CXX object CMakeFiles/botello_aruco_node.dir/src/botello_aruco_node.cpp.o[0m
[01m[K/home/nizhar/botello/botello_ws/src/botello_aruco/src/botello_aruco_node.cpp:[m[K In member function â€˜[01m[Kdouble botello_aruco::BotelloArucoNode::standardDeviation(std::vector<double>&)[m[Kâ€™:
[01m[K/home/nizhar/botello/botello_ws/src/botello_aruco/src/botello_aruco_node.cpp:407:24:[m[K [01;31m[Kerror: [m[Kâ€˜[01m[Kaccumulate[m[Kâ€™ is not a member of â€˜[01m[Kstd[m[Kâ€™
     double mean = std::[01;31m[Kaccumulate[m[K(v.begin(), v.end(), 0.0) / v.size();
                        [01;31m[K^~~~~~~~~~[m[K
[01m[K/home/nizhar/botello/botello_ws/src/botello_aruco/src/botello_aruco_node.cpp:407:24:[m[K [01;36m[Knote: [m[Ksuggested alternative:
In file included from [01m[K/home/nizhar/botello/botello_ws/src/botello_aruco/include/botello_aruco_node.hpp:9:0[m[K,
                 from [01m[K/home/nizhar/botello/botello_ws/src/botello_aruco/src/botello_aruco_node.cpp:1[m[K:
[01m[K/usr/local/include/opencv4/opencv2/imgproc.hpp:2860:19:[m[K [01;36m[Knote: [m[K  â€˜[01m[Kcv::accumulate[m[Kâ€™
 CV_EXPORTS_W void [01;36m[Kaccumulate[m[K( InputArray src, InputOutputArray dst,
                   [01;36m[K^~~~~~~~~~[m[K
[01m[K/home/nizhar/botello/botello_ws/src/botello_aruco/src/botello_aruco_node.cpp:411:26:[m[K [01;31m[Kerror: [m[Kâ€˜[01m[Kinner_product[m[Kâ€™ is not a member of â€˜[01m[Kstd[m[Kâ€™
     double sq_sum = std::[01;31m[Kinner_product[m[K(diff.begin(), diff.end(), diff.begin(), 0.0);
                          [01;31m[K^~~~~~~~~~~~~[m[K
CMakeFiles/botello_aruco_node.dir/build.make:62: recipe for target 'CMakeFiles/botello_aruco_node.dir/src/botello_aruco_node.cpp.o' failed
make[2]: *** [CMakeFiles/botello_aruco_node.dir/src/botello_aruco_node.cpp.o] Error 1
make[1]: *** [CMakeFiles/botello_aruco_node.dir/all] Error 2
CMakeFiles/Makefile2:67: recipe for target 'CMakeFiles/botello_aruco_node.dir/all' failed
Makefile:140: recipe for target 'all' failed
make: *** [all] Error 2
